{
  "C:\\Users\\FarshadMosalanejad\\Desktop\\KiLiefer\\multi-restaurant-delivery\\backend\\restaurant-service\\src\\controllers\\CategoryController.ts": {
    "path": "C:\\Users\\FarshadMosalanejad\\Desktop\\KiLiefer\\multi-restaurant-delivery\\backend\\restaurant-service\\src\\controllers\\CategoryController.ts",
    "statementMap": {
      "0": { "start": { "line": 1, "column": 0 }, "end": { "line": 1, "column": 100 } },
      "1": { "start": { "line": 2, "column": 0 }, "end": { "line": 2, "column": 62 } },
      "2": { "start": { "line": 3, "column": 0 }, "end": { "line": 3, "column": 62 } },
      "3": { "start": { "line": 6, "column": 7 }, "end": { "line": 22, "column": null } },
      "4": { "start": { "line": 7, "column": 10 }, "end": { "line": 7, "column": 38 } },
      "5": { "start": { "line": 10, "column": 13 }, "end": { "line": 10, "column": 39 } },
      "6": { "start": { "line": 14, "column": 43 }, "end": { "line": 14, "column": 71 } },
      "7": { "start": { "line": 17, "column": 68 }, "end": { "line": 17, "column": 100 } },
      "8": { "start": { "line": 21, "column": 36 }, "end": { "line": 21, "column": 63 } },
      "9": { "start": { "line": 6, "column": 13 }, "end": { "line": 6, "column": 31 } },
      "10": { "start": { "line": 10, "column": 2 }, "end": { "line": 10, "column": null } },
      "11": { "start": { "line": 14, "column": 2 }, "end": { "line": 14, "column": null } },
      "12": { "start": { "line": 17, "column": 2 }, "end": { "line": 17, "column": null } },
      "13": { "start": { "line": 21, "column": 2 }, "end": { "line": 21, "column": null } },
      "14": { "start": { "line": 6, "column": 13 }, "end": { "line": 22, "column": null } }
    },
    "fnMap": {
      "0": {
        "name": "(anonymous_4)",
        "decl": { "start": { "line": 6, "column": 7 }, "end": { "line": 6, "column": 13 } },
        "loc": { "start": { "line": 6, "column": 7 }, "end": { "line": 22, "column": 1 } }
      },
      "1": {
        "name": "(anonymous_5)",
        "decl": { "start": { "line": 10, "column": 2 }, "end": { "line": 10, "column": 8 } },
        "loc": { "start": { "line": 10, "column": 8 }, "end": { "line": 10, "column": 41 } }
      },
      "2": {
        "name": "(anonymous_6)",
        "decl": { "start": { "line": 14, "column": 2 }, "end": { "line": 14, "column": 8 } },
        "loc": { "start": { "line": 14, "column": 39 }, "end": { "line": 14, "column": 73 } }
      },
      "3": {
        "name": "(anonymous_7)",
        "decl": { "start": { "line": 17, "column": 2 }, "end": { "line": 17, "column": 8 } },
        "loc": { "start": { "line": 17, "column": 64 }, "end": { "line": 17, "column": 102 } }
      },
      "4": {
        "name": "(anonymous_8)",
        "decl": { "start": { "line": 21, "column": 2 }, "end": { "line": 21, "column": 8 } },
        "loc": { "start": { "line": 21, "column": 32 }, "end": { "line": 21, "column": 65 } }
      }
    },
    "branchMap": {},
    "s": {
      "0": 0,
      "1": 0,
      "2": 0,
      "3": 0,
      "4": 0,
      "5": 0,
      "6": 0,
      "7": 0,
      "8": 0,
      "9": 0,
      "10": 0,
      "11": 0,
      "12": 0,
      "13": 0,
      "14": 0
    },
    "f": { "0": 0, "1": 0, "2": 0, "3": 0, "4": 0 },
    "b": {}
  },
  "C:\\Users\\FarshadMosalanejad\\Desktop\\KiLiefer\\multi-restaurant-delivery\\backend\\restaurant-service\\src\\controllers\\MenuItemController.ts": {
    "path": "C:\\Users\\FarshadMosalanejad\\Desktop\\KiLiefer\\multi-restaurant-delivery\\backend\\restaurant-service\\src\\controllers\\MenuItemController.ts",
    "statementMap": {
      "0": { "start": { "line": 1, "column": 0 }, "end": { "line": 1, "column": 100 } },
      "1": { "start": { "line": 2, "column": 0 }, "end": { "line": 2, "column": 62 } },
      "2": { "start": { "line": 3, "column": 0 }, "end": { "line": 3, "column": 62 } },
      "3": { "start": { "line": 6, "column": 7 }, "end": { "line": 22, "column": null } },
      "4": { "start": { "line": 7, "column": 10 }, "end": { "line": 7, "column": 38 } },
      "5": { "start": { "line": 10, "column": 13 }, "end": { "line": 10, "column": 39 } },
      "6": { "start": { "line": 14, "column": 43 }, "end": { "line": 14, "column": 71 } },
      "7": { "start": { "line": 17, "column": 68 }, "end": { "line": 17, "column": 100 } },
      "8": { "start": { "line": 21, "column": 36 }, "end": { "line": 21, "column": 63 } },
      "9": { "start": { "line": 6, "column": 13 }, "end": { "line": 6, "column": 31 } },
      "10": { "start": { "line": 10, "column": 2 }, "end": { "line": 10, "column": null } },
      "11": { "start": { "line": 14, "column": 2 }, "end": { "line": 14, "column": null } },
      "12": { "start": { "line": 17, "column": 2 }, "end": { "line": 17, "column": null } },
      "13": { "start": { "line": 21, "column": 2 }, "end": { "line": 21, "column": null } },
      "14": { "start": { "line": 6, "column": 13 }, "end": { "line": 22, "column": null } }
    },
    "fnMap": {
      "0": {
        "name": "(anonymous_4)",
        "decl": { "start": { "line": 6, "column": 7 }, "end": { "line": 6, "column": 13 } },
        "loc": { "start": { "line": 6, "column": 7 }, "end": { "line": 22, "column": 1 } }
      },
      "1": {
        "name": "(anonymous_5)",
        "decl": { "start": { "line": 10, "column": 2 }, "end": { "line": 10, "column": 8 } },
        "loc": { "start": { "line": 10, "column": 8 }, "end": { "line": 10, "column": 41 } }
      },
      "2": {
        "name": "(anonymous_6)",
        "decl": { "start": { "line": 14, "column": 2 }, "end": { "line": 14, "column": 8 } },
        "loc": { "start": { "line": 14, "column": 39 }, "end": { "line": 14, "column": 73 } }
      },
      "3": {
        "name": "(anonymous_7)",
        "decl": { "start": { "line": 17, "column": 2 }, "end": { "line": 17, "column": 8 } },
        "loc": { "start": { "line": 17, "column": 64 }, "end": { "line": 17, "column": 102 } }
      },
      "4": {
        "name": "(anonymous_8)",
        "decl": { "start": { "line": 21, "column": 2 }, "end": { "line": 21, "column": 8 } },
        "loc": { "start": { "line": 21, "column": 32 }, "end": { "line": 21, "column": 65 } }
      }
    },
    "branchMap": {},
    "s": {
      "0": 0,
      "1": 0,
      "2": 0,
      "3": 0,
      "4": 0,
      "5": 0,
      "6": 0,
      "7": 0,
      "8": 0,
      "9": 0,
      "10": 0,
      "11": 0,
      "12": 0,
      "13": 0,
      "14": 0
    },
    "f": { "0": 0, "1": 0, "2": 0, "3": 0, "4": 0 },
    "b": {}
  },
  "C:\\Users\\FarshadMosalanejad\\Desktop\\KiLiefer\\multi-restaurant-delivery\\backend\\restaurant-service\\src\\controllers\\OnboardingController.ts": {
    "path": "C:\\Users\\FarshadMosalanejad\\Desktop\\KiLiefer\\multi-restaurant-delivery\\backend\\restaurant-service\\src\\controllers\\OnboardingController.ts",
    "statementMap": {
      "0": { "start": { "line": 1, "column": 0 }, "end": { "line": 1, "column": 75 } },
      "1": { "start": { "line": 2, "column": 0 }, "end": { "line": 2, "column": 66 } },
      "2": { "start": { "line": 3, "column": 0 }, "end": { "line": 3, "column": 48 } },
      "3": { "start": { "line": 6, "column": 7 }, "end": { "line": 15, "column": null } },
      "4": { "start": { "line": 7, "column": 10 }, "end": { "line": 7, "column": 40 } },
      "5": { "start": { "line": 12, "column": 4 }, "end": { "line": 12, "column": 40 } },
      "6": { "start": { "line": 13, "column": 4 }, "end": { "line": 13, "column": 36 } },
      "7": { "start": { "line": 6, "column": 13 }, "end": { "line": 6, "column": 33 } },
      "8": { "start": { "line": 11, "column": 8 }, "end": { "line": 14, "column": null } },
      "9": { "start": { "line": 6, "column": 13 }, "end": { "line": 15, "column": null } }
    },
    "fnMap": {
      "0": {
        "name": "(anonymous_4)",
        "decl": { "start": { "line": 6, "column": 7 }, "end": { "line": 6, "column": 13 } },
        "loc": { "start": { "line": 6, "column": 7 }, "end": { "line": 15, "column": 1 } }
      },
      "1": {
        "name": "(anonymous_5)",
        "decl": { "start": { "line": 11, "column": 2 }, "end": { "line": 11, "column": 7 } },
        "loc": { "start": { "line": 11, "column": 39 }, "end": { "line": 14, "column": 3 } }
      }
    },
    "branchMap": {},
    "s": { "0": 0, "1": 0, "2": 0, "3": 0, "4": 0, "5": 0, "6": 0, "7": 0, "8": 0, "9": 0 },
    "f": { "0": 0, "1": 0 },
    "b": {}
  },
  "C:\\Users\\FarshadMosalanejad\\Desktop\\KiLiefer\\multi-restaurant-delivery\\backend\\restaurant-service\\src\\controllers\\RestaurantController.ts": {
    "path": "C:\\Users\\FarshadMosalanejad\\Desktop\\KiLiefer\\multi-restaurant-delivery\\backend\\restaurant-service\\src\\controllers\\RestaurantController.ts",
    "statementMap": {
      "0": { "start": { "line": 1, "column": 0 }, "end": { "line": 1, "column": 100 } },
      "1": { "start": { "line": 2, "column": 0 }, "end": { "line": 2, "column": 66 } },
      "2": { "start": { "line": 3, "column": 0 }, "end": { "line": 3, "column": 66 } },
      "3": { "start": { "line": 6, "column": 7 }, "end": { "line": 35, "column": null } },
      "4": { "start": { "line": 7, "column": 10 }, "end": { "line": 7, "column": 40 } },
      "5": { "start": { "line": 11, "column": 4 }, "end": { "line": 11, "column": 30 } },
      "6": { "start": { "line": 16, "column": 4 }, "end": { "line": 16, "column": 32 } },
      "7": { "start": { "line": 22, "column": 4 }, "end": { "line": 22, "column": 32 } },
      "8": { "start": { "line": 27, "column": 4 }, "end": { "line": 27, "column": 36 } },
      "9": { "start": { "line": 33, "column": 4 }, "end": { "line": 33, "column": 31 } },
      "10": { "start": { "line": 6, "column": 13 }, "end": { "line": 6, "column": 33 } },
      "11": { "start": { "line": 10, "column": 2 }, "end": { "line": 12, "column": null } },
      "12": { "start": { "line": 15, "column": 2 }, "end": { "line": 17, "column": null } },
      "13": { "start": { "line": 21, "column": 2 }, "end": { "line": 23, "column": null } },
      "14": { "start": { "line": 26, "column": 2 }, "end": { "line": 28, "column": null } },
      "15": { "start": { "line": 32, "column": 2 }, "end": { "line": 34, "column": null } },
      "16": { "start": { "line": 6, "column": 13 }, "end": { "line": 35, "column": null } }
    },
    "fnMap": {
      "0": {
        "name": "(anonymous_4)",
        "decl": { "start": { "line": 6, "column": 7 }, "end": { "line": 6, "column": 13 } },
        "loc": { "start": { "line": 6, "column": 7 }, "end": { "line": 35, "column": 1 } }
      },
      "1": {
        "name": "(anonymous_5)",
        "decl": { "start": { "line": 10, "column": 2 }, "end": { "line": 10, "column": 8 } },
        "loc": { "start": { "line": 10, "column": 8 }, "end": { "line": 12, "column": 3 } }
      },
      "2": {
        "name": "(anonymous_6)",
        "decl": { "start": { "line": 15, "column": 2 }, "end": { "line": 15, "column": 8 } },
        "loc": { "start": { "line": 15, "column": 32 }, "end": { "line": 17, "column": 3 } }
      },
      "3": {
        "name": "(anonymous_7)",
        "decl": { "start": { "line": 21, "column": 2 }, "end": { "line": 21, "column": 8 } },
        "loc": { "start": { "line": 21, "column": 41 }, "end": { "line": 23, "column": 3 } }
      },
      "4": {
        "name": "(anonymous_8)",
        "decl": { "start": { "line": 26, "column": 2 }, "end": { "line": 26, "column": 8 } },
        "loc": { "start": { "line": 26, "column": 66 }, "end": { "line": 28, "column": 3 } }
      },
      "5": {
        "name": "(anonymous_9)",
        "decl": { "start": { "line": 32, "column": 2 }, "end": { "line": 32, "column": 8 } },
        "loc": { "start": { "line": 32, "column": 32 }, "end": { "line": 34, "column": 3 } }
      }
    },
    "branchMap": {},
    "s": {
      "0": 0,
      "1": 0,
      "2": 0,
      "3": 0,
      "4": 0,
      "5": 0,
      "6": 0,
      "7": 0,
      "8": 0,
      "9": 0,
      "10": 0,
      "11": 0,
      "12": 0,
      "13": 0,
      "14": 0,
      "15": 0,
      "16": 0
    },
    "f": { "0": 0, "1": 0, "2": 0, "3": 0, "4": 0, "5": 0 },
    "b": {}
  },
  "C:\\Users\\FarshadMosalanejad\\Desktop\\KiLiefer\\multi-restaurant-delivery\\backend\\restaurant-service\\src\\dtos\\CreateRestaurantDto.ts": {
    "path": "C:\\Users\\FarshadMosalanejad\\Desktop\\KiLiefer\\multi-restaurant-delivery\\backend\\restaurant-service\\src\\dtos\\CreateRestaurantDto.ts",
    "statementMap": {
      "0": { "start": { "line": 1, "column": 0 }, "end": { "line": 1, "column": 26 } },
      "1": { "start": { "line": 2, "column": 0 }, "end": { "line": 2, "column": 63 } },
      "2": { "start": { "line": 4, "column": 0 }, "end": { "line": 4, "column": 13 } },
      "3": { "start": { "line": 7, "column": 2 }, "end": { "line": 7, "column": null } },
      "4": { "start": { "line": 12, "column": 2 }, "end": { "line": 12, "column": null } }
    },
    "fnMap": {},
    "branchMap": {},
    "s": { "0": 0, "1": 0, "2": 0, "3": 0, "4": 0 },
    "f": {},
    "b": {}
  },
  "C:\\Users\\FarshadMosalanejad\\Desktop\\KiLiefer\\multi-restaurant-delivery\\backend\\restaurant-service\\src\\dtos\\OnboardDto.ts": {
    "path": "C:\\Users\\FarshadMosalanejad\\Desktop\\KiLiefer\\multi-restaurant-delivery\\backend\\restaurant-service\\src\\dtos\\OnboardDto.ts",
    "statementMap": {
      "0": { "start": { "line": 1, "column": 0 }, "end": { "line": 1, "column": 87 } },
      "1": { "start": { "line": 2, "column": 0 }, "end": { "line": 2, "column": 41 } },
      "2": { "start": { "line": 5, "column": 14 }, "end": { "line": 5, "column": null } },
      "3": { "start": { "line": 6, "column": 14 }, "end": { "line": 6, "column": null } },
      "4": { "start": { "line": 9, "column": 0 }, "end": { "line": 9, "column": 13 } },
      "5": { "start": { "line": 10, "column": 14 }, "end": { "line": 10, "column": null } },
      "6": { "start": { "line": 11, "column": 13 }, "end": { "line": 11, "column": null } },
      "7": { "start": { "line": 12, "column": 14 }, "end": { "line": 12, "column": null } },
      "8": { "start": { "line": 13, "column": 14 }, "end": { "line": 13, "column": null } },
      "9": { "start": { "line": 14, "column": 40 }, "end": { "line": 14, "column": null } },
      "10": { "start": { "line": 14, "column": 32 }, "end": { "line": 14, "column": 38 } },
      "11": { "start": { "line": 15, "column": 13 }, "end": { "line": 15, "column": null } }
    },
    "fnMap": {
      "0": {
        "name": "(anonymous_2)",
        "decl": { "start": { "line": 14, "column": 26 }, "end": { "line": 14, "column": 29 } },
        "loc": { "start": { "line": 14, "column": 32 }, "end": { "line": 14, "column": 38 } }
      }
    },
    "branchMap": {},
    "s": {
      "0": 0,
      "1": 0,
      "2": 0,
      "3": 0,
      "4": 0,
      "5": 0,
      "6": 0,
      "7": 0,
      "8": 0,
      "9": 0,
      "10": 0,
      "11": 0
    },
    "f": { "0": 0 },
    "b": {}
  }
}
